{"/home/payam/projects/vue-plugins/api-manager/vue-api-manager/src/exceptions.js": {"path":"/home/payam/projects/vue-plugins/api-manager/vue-api-manager/src/exceptions.js","statementMap":{"0":{"start":{"line":3,"column":8},"end":{"line":3,"column":31}},"1":{"start":{"line":4,"column":8},"end":{"line":4,"column":28}},"2":{"start":{"line":10,"column":8},"end":{"line":10,"column":71}},"3":{"start":{"line":11,"column":8},"end":{"line":11,"column":50}},"4":{"start":{"line":17,"column":8},"end":{"line":17,"column":40}},"5":{"start":{"line":18,"column":8},"end":{"line":18,"column":42}},"6":{"start":{"line":19,"column":8},"end":{"line":19,"column":31}},"7":{"start":{"line":20,"column":8},"end":{"line":20,"column":43}},"8":{"start":{"line":26,"column":8},"end":{"line":26,"column":57}},"9":{"start":{"line":27,"column":8},"end":{"line":27,"column":35}},"10":{"start":{"line":28,"column":8},"end":{"line":28,"column":31}},"11":{"start":{"line":29,"column":8},"end":{"line":29,"column":43}}},"fnMap":{"0":{"name":"(anonymous_0)","decl":{"start":{"line":2,"column":4},"end":{"line":2,"column":5}},"loc":{"start":{"line":2,"column":25},"end":{"line":5,"column":5}},"line":2},"1":{"name":"(anonymous_1)","decl":{"start":{"line":9,"column":4},"end":{"line":9,"column":5}},"loc":{"start":{"line":9,"column":18},"end":{"line":12,"column":5}},"line":9},"2":{"name":"(anonymous_2)","decl":{"start":{"line":16,"column":4},"end":{"line":16,"column":5}},"loc":{"start":{"line":16,"column":40},"end":{"line":21,"column":5}},"line":16},"3":{"name":"(anonymous_3)","decl":{"start":{"line":25,"column":4},"end":{"line":25,"column":5}},"loc":{"start":{"line":25,"column":40},"end":{"line":31,"column":5}},"line":25}},"branchMap":{},"s":{"0":4,"1":4,"2":2,"3":2,"4":1,"5":1,"6":1,"7":1,"8":1,"9":1,"10":1,"11":1},"f":{"0":4,"1":2,"2":1,"3":1},"b":{},"_coverageSchema":"1a1c01bbd47fc00a2c39e90264f33305004495a9","hash":"adda10cd616d1e93c064bd4ce8412aa3df949a7c"}
,"/home/payam/projects/vue-plugins/api-manager/vue-api-manager/src/index.js": {"path":"/home/payam/projects/vue-plugins/api-manager/vue-api-manager/src/index.js","statementMap":{"0":{"start":{"line":4,"column":16},"end":{"line":10,"column":1}},"1":{"start":{"line":14,"column":8},"end":{"line":14,"column":70}},"2":{"start":{"line":15,"column":8},"end":{"line":15,"column":97}},"3":{"start":{"line":16,"column":8},"end":{"line":16,"column":70}},"4":{"start":{"line":18,"column":8},"end":{"line":18,"column":133}},"5":{"start":{"line":20,"column":8},"end":{"line":20,"column":84}},"6":{"start":{"line":21,"column":8},"end":{"line":24,"column":10}},"7":{"start":{"line":26,"column":8},"end":{"line":41,"column":9}},"8":{"start":{"line":27,"column":33},"end":{"line":27,"column":67}},"9":{"start":{"line":29,"column":12},"end":{"line":30,"column":58}},"10":{"start":{"line":30,"column":16},"end":{"line":30,"column":58}},"11":{"start":{"line":31,"column":12},"end":{"line":32,"column":51}},"12":{"start":{"line":32,"column":16},"end":{"line":32,"column":51}},"13":{"start":{"line":34,"column":12},"end":{"line":40,"column":14}},"14":{"start":{"line":46,"column":8},"end":{"line":46,"column":53}},"15":{"start":{"line":50,"column":8},"end":{"line":52,"column":9}},"16":{"start":{"line":51,"column":12},"end":{"line":51,"column":52}},"17":{"start":{"line":53,"column":8},"end":{"line":53,"column":120}},"18":{"start":{"line":64,"column":23},"end":{"line":64,"column":25}},"19":{"start":{"line":65,"column":29},"end":{"line":68,"column":9}},"20":{"start":{"line":70,"column":8},"end":{"line":72,"column":9}},"21":{"start":{"line":71,"column":12},"end":{"line":71,"column":117}},"22":{"start":{"line":74,"column":8},"end":{"line":119,"column":9}},"23":{"start":{"line":76,"column":16},"end":{"line":82,"column":19}},"24":{"start":{"line":83,"column":16},"end":{"line":83,"column":21}},"25":{"start":{"line":85,"column":16},"end":{"line":91,"column":17}},"26":{"start":{"line":92,"column":16},"end":{"line":92,"column":21}},"27":{"start":{"line":94,"column":16},"end":{"line":98,"column":17}},"28":{"start":{"line":99,"column":16},"end":{"line":99,"column":21}},"29":{"start":{"line":101,"column":16},"end":{"line":105,"column":17}},"30":{"start":{"line":106,"column":16},"end":{"line":106,"column":21}},"31":{"start":{"line":108,"column":16},"end":{"line":117,"column":17}},"32":{"start":{"line":118,"column":16},"end":{"line":118,"column":21}},"33":{"start":{"line":120,"column":8},"end":{"line":120,"column":24}},"34":{"start":{"line":124,"column":0},"end":{"line":124,"column":30}}},"fnMap":{"0":{"name":"(anonymous_0)","decl":{"start":{"line":13,"column":4},"end":{"line":13,"column":5}},"loc":{"start":{"line":13,"column":24},"end":{"line":43,"column":5}},"line":13},"1":{"name":"(anonymous_1)","decl":{"start":{"line":45,"column":4},"end":{"line":45,"column":5}},"loc":{"start":{"line":45,"column":45},"end":{"line":47,"column":5}},"line":45},"2":{"name":"(anonymous_2)","decl":{"start":{"line":49,"column":4},"end":{"line":49,"column":5}},"loc":{"start":{"line":49,"column":30},"end":{"line":54,"column":5}},"line":49},"3":{"name":"(anonymous_3)","decl":{"start":{"line":56,"column":4},"end":{"line":56,"column":5}},"loc":{"start":{"line":62,"column":71},"end":{"line":121,"column":5}},"line":62}},"branchMap":{"0":{"loc":{"start":{"line":14,"column":21},"end":{"line":14,"column":69}},"type":"cond-expr","locations":[{"start":{"line":14,"column":53},"end":{"line":14,"column":64}},{"start":{"line":14,"column":67},"end":{"line":14,"column":69}}],"line":14},"1":{"loc":{"start":{"line":15,"column":39},"end":{"line":15,"column":94}},"type":"cond-expr","locations":[{"start":{"line":15,"column":74},"end":{"line":15,"column":88}},{"start":{"line":15,"column":91},"end":{"line":15,"column":94}}],"line":15},"2":{"loc":{"start":{"line":16,"column":21},"end":{"line":16,"column":69}},"type":"cond-expr","locations":[{"start":{"line":16,"column":53},"end":{"line":16,"column":64}},{"start":{"line":16,"column":67},"end":{"line":16,"column":69}}],"line":16},"3":{"loc":{"start":{"line":18,"column":42},"end":{"line":18,"column":132}},"type":"cond-expr","locations":[{"start":{"line":18,"column":95},"end":{"line":18,"column":127}},{"start":{"line":18,"column":130},"end":{"line":18,"column":132}}],"line":18},"4":{"loc":{"start":{"line":20,"column":30},"end":{"line":20,"column":84}},"type":"cond-expr","locations":[{"start":{"line":20,"column":65},"end":{"line":20,"column":79}},{"start":{"line":20,"column":82},"end":{"line":20,"column":84}}],"line":20},"5":{"loc":{"start":{"line":27,"column":33},"end":{"line":27,"column":67}},"type":"cond-expr","locations":[{"start":{"line":27,"column":49},"end":{"line":27,"column":62}},{"start":{"line":27,"column":65},"end":{"line":27,"column":67}}],"line":27},"6":{"loc":{"start":{"line":29,"column":12},"end":{"line":30,"column":58}},"type":"if","locations":[{"start":{"line":29,"column":12},"end":{"line":30,"column":58}},{"start":{"line":29,"column":12},"end":{"line":30,"column":58}}],"line":29},"7":{"loc":{"start":{"line":31,"column":12},"end":{"line":32,"column":51}},"type":"if","locations":[{"start":{"line":31,"column":12},"end":{"line":32,"column":51}},{"start":{"line":31,"column":12},"end":{"line":32,"column":51}}],"line":31},"8":{"loc":{"start":{"line":37,"column":31},"end":{"line":37,"column":63}},"type":"cond-expr","locations":[{"start":{"line":37,"column":46},"end":{"line":37,"column":58}},{"start":{"line":37,"column":61},"end":{"line":37,"column":63}}],"line":37},"9":{"loc":{"start":{"line":50,"column":8},"end":{"line":52,"column":9}},"type":"if","locations":[{"start":{"line":50,"column":8},"end":{"line":52,"column":9}},{"start":{"line":50,"column":8},"end":{"line":52,"column":9}}],"line":50},"10":{"loc":{"start":{"line":53,"column":15},"end":{"line":53,"column":120}},"type":"cond-expr","locations":[{"start":{"line":53,"column":65},"end":{"line":53,"column":92}},{"start":{"line":53,"column":95},"end":{"line":53,"column":120}}],"line":53},"11":{"loc":{"start":{"line":59,"column":25},"end":{"line":59,"column":43}},"type":"default-arg","locations":[{"start":{"line":59,"column":41},"end":{"line":59,"column":43}}],"line":59},"12":{"loc":{"start":{"line":60,"column":25},"end":{"line":60,"column":45}},"type":"default-arg","locations":[{"start":{"line":60,"column":40},"end":{"line":60,"column":45}}],"line":60},"13":{"loc":{"start":{"line":61,"column":25},"end":{"line":61,"column":44}},"type":"default-arg","locations":[{"start":{"line":61,"column":42},"end":{"line":61,"column":44}}],"line":61},"14":{"loc":{"start":{"line":62,"column":24},"end":{"line":62,"column":69}},"type":"default-arg","locations":[{"start":{"line":62,"column":44},"end":{"line":62,"column":69}}],"line":62},"15":{"loc":{"start":{"line":70,"column":8},"end":{"line":72,"column":9}},"type":"if","locations":[{"start":{"line":70,"column":8},"end":{"line":72,"column":9}},{"start":{"line":70,"column":8},"end":{"line":72,"column":9}}],"line":70},"16":{"loc":{"start":{"line":74,"column":8},"end":{"line":119,"column":9}},"type":"switch","locations":[{"start":{"line":75,"column":12},"end":{"line":83,"column":21}},{"start":{"line":84,"column":12},"end":{"line":92,"column":21}},{"start":{"line":93,"column":12},"end":{"line":99,"column":21}},{"start":{"line":100,"column":12},"end":{"line":106,"column":21}},{"start":{"line":107,"column":12},"end":{"line":118,"column":21}}],"line":74}},"s":{"0":1,"1":14,"2":14,"3":14,"4":14,"5":14,"6":14,"7":14,"8":123,"9":123,"10":1,"11":122,"12":1,"13":121,"14":1,"15":2,"16":1,"17":1,"18":12,"19":12,"20":12,"21":2,"22":11,"23":3,"24":3,"25":2,"26":2,"27":2,"28":2,"29":2,"30":2,"31":2,"32":2,"33":11,"34":1},"f":{"0":14,"1":1,"2":2,"3":12},"b":{"0":[14,0],"1":[14,0],"2":[13,1],"3":[14,0],"4":[1,13],"5":[0,123],"6":[1,122],"7":[1,121],"8":[77,44],"9":[1,1],"10":[0,1],"11":[0],"12":[10],"13":[0],"14":[12],"15":[2,10],"16":[3,2,2,2,2]},"_coverageSchema":"1a1c01bbd47fc00a2c39e90264f33305004495a9","hash":"578affa26a5f59819cda81d0b9feffd304def8b7"}
}
