TN:
SF:src/exceptions.js
FN:2,(anonymous_0)
FN:9,(anonymous_1)
FN:16,(anonymous_2)
FN:25,(anonymous_3)
FNF:4
FNH:4
FNDA:4,(anonymous_0)
FNDA:2,(anonymous_1)
FNDA:1,(anonymous_2)
FNDA:1,(anonymous_3)
DA:3,4
DA:4,4
DA:10,2
DA:11,2
DA:17,1
DA:18,1
DA:19,1
DA:20,1
DA:26,1
DA:27,1
DA:28,1
DA:29,1
LF:12
LH:12
BRF:0
BRH:0
end_of_record
TN:
SF:src/index.js
FN:13,(anonymous_0)
FN:45,(anonymous_1)
FN:49,(anonymous_2)
FN:56,(anonymous_3)
FNF:4
FNH:4
FNDA:14,(anonymous_0)
FNDA:1,(anonymous_1)
FNDA:2,(anonymous_2)
FNDA:12,(anonymous_3)
DA:4,1
DA:14,14
DA:15,14
DA:16,14
DA:18,14
DA:20,14
DA:21,14
DA:26,14
DA:27,123
DA:29,123
DA:30,1
DA:31,122
DA:32,1
DA:34,121
DA:46,1
DA:50,2
DA:51,1
DA:53,1
DA:64,12
DA:65,12
DA:70,12
DA:71,2
DA:74,11
DA:76,3
DA:83,3
DA:85,2
DA:92,2
DA:94,2
DA:99,2
DA:101,2
DA:106,2
DA:108,2
DA:118,2
DA:120,11
DA:124,1
LF:35
LH:35
BRDA:14,0,0,14
BRDA:14,0,1,0
BRDA:15,1,0,14
BRDA:15,1,1,0
BRDA:16,2,0,13
BRDA:16,2,1,1
BRDA:18,3,0,14
BRDA:18,3,1,0
BRDA:20,4,0,1
BRDA:20,4,1,13
BRDA:27,5,0,0
BRDA:27,5,1,123
BRDA:29,6,0,1
BRDA:29,6,1,122
BRDA:31,7,0,1
BRDA:31,7,1,121
BRDA:37,8,0,77
BRDA:37,8,1,44
BRDA:50,9,0,1
BRDA:50,9,1,1
BRDA:53,10,0,0
BRDA:53,10,1,1
BRDA:59,11,0,0
BRDA:60,12,0,10
BRDA:61,13,0,0
BRDA:62,14,0,12
BRDA:70,15,0,2
BRDA:70,15,1,10
BRDA:74,16,0,3
BRDA:74,16,1,2
BRDA:74,16,2,2
BRDA:74,16,3,2
BRDA:74,16,4,2
BRF:33
BRH:26
end_of_record
